
다음에 접속됨: Oracle Database 11g Enterprise Edition Release 11.1.0.7.0 - Production
With the Partitioning, OLAP, Data Mining and Real Application Testing options
KO16MSWIN949 문자 설정과 AL16UTF16 NCHAR 문자 설정에서 익스포트가 종료되었습니다

지정된 테이블을 익스포트하려고 합니다 via 규정 경로...
. .                           BONUS 테이블 익스포트 중
                                                            0개의 행이 엑스포트되었습니다
. .                            DEPT 테이블 익스포트 중
                                                            4개의 행이 엑스포트되었습니다
. .                             EMP 테이블 익스포트 중
                                                           14개의 행이 엑스포트되었습니다
. .                       EMP_LEVEL 테이블 익스포트 중
                                                            5개의 행이 엑스포트되었습니다
. .                         LECTURE 테이블 익스포트 중
                                                            5개의 행이 엑스포트되었습니다
. .                          MEMBER 테이블 익스포트 중
                                                            6개의 행이 엑스포트되었습니다
. .                        SALGRADE 테이블 익스포트 중
                                                            5개의 행이 엑스포트되었습니다
. .                       T_GIFTMEM 테이블 익스포트 중
                                                            5개의 행이 엑스포트되었습니다
. .                     T_GIFTPOINT 테이블 익스포트 중
                                                            6개의 행이 엑스포트되었습니다
. .                       T_GREPORT 테이블 익스포트 중
                                                           75개의 행이 엑스포트되었습니다
. .                       T_LETITBE 테이블 익스포트 중
                                                           34개의 행이 엑스포트되었습니다
. .                   T_ORDERBASKET 테이블 익스포트 중
                                                           54개의 행이 엑스포트되었습니다
. .                      T_WORKTIME 테이블 익스포트 중
                                                           15개의 행이 엑스포트되었습니다
. .                            TCOM 테이블 익스포트 중
                                                            4개의 행이 엑스포트되었습니다
. .                           TDEPT 테이블 익스포트 중
                                                           10개의 행이 엑스포트되었습니다
. .                            TEMP 테이블 익스포트 중
                                                           20개의 행이 엑스포트되었습니다
. .                           TEST1 테이블 익스포트 중
                                                            0개의 행이 엑스포트되었습니다
. .                           TEST2 테이블 익스포트 중
                                                            0개의 행이 엑스포트되었습니다
. .                 TOAD_PLAN_TABLE 테이블 익스포트 중
                                                           20개의 행이 엑스포트되었습니다
익스포트가 경고 없이 정상적으로 종료되었습니다.
