
다음에 접속됨: Oracle Database 11g Enterprise Edition Release 11.1.0.7.0 - Production
With the Partitioning, OLAP, Data Mining and Real Application Testing options

익스포트 파일은 규정 경로를 거쳐 EXPORT:V11.01.00 에 의해 생성되었습니다
KO16MSWIN949 문자집합과 AL16UTF16 NCHAR 문자 집합에 임포트가 완성되었습니다
. SCOTT 객체를 SCOTT(으)로 임포트하는 중입니다
. . 테이블                        "BONUS"(를)을 임포트 중
                                                            0 행이 임포트되었습니다
. . 테이블                         "DEPT"(를)을 임포트 중
IMP-00019: ORACLE 1 오류로 인하여 행이 거부되었습니다
IMP-00003: ORACLE 오류 1이(가) 발생했습니다.
ORA-00001: 무결성 제약 조건(SCOTT.PK_DEPT)에 위배됩니다
열 1 10
열 2 ACCOUNTING
열 3 NEW YORK
IMP-00019: ORACLE 1 오류로 인하여 행이 거부되었습니다
IMP-00003: ORACLE 오류 1이(가) 발생했습니다.
ORA-00001: 무결성 제약 조건(SCOTT.PK_DEPT)에 위배됩니다
열 1 20
열 2 RESEARCH
열 3 DALLAS
IMP-00019: ORACLE 1 오류로 인하여 행이 거부되었습니다
IMP-00003: ORACLE 오류 1이(가) 발생했습니다.
ORA-00001: 무결성 제약 조건(SCOTT.PK_DEPT)에 위배됩니다
열 1 30
열 2 SALES
열 3 CHICAGO
IMP-00019: ORACLE 1 오류로 인하여 행이 거부되었습니다
IMP-00003: ORACLE 오류 1이(가) 발생했습니다.
ORA-00001: 무결성 제약 조건(SCOTT.PK_DEPT)에 위배됩니다
열 1 40
열 2 OPERATIONS
열 3 BOSTON
                                                            0 행이 임포트되었습니다
. . 테이블                          "EMP"(를)을 임포트 중
IMP-00019: ORACLE 1 오류로 인하여 행이 거부되었습니다
IMP-00003: ORACLE 오류 1이(가) 발생했습니다.
ORA-00001: 무결성 제약 조건(SCOTT.PK_EMP)에 위배됩니다
열 1 7369
열 2 SMITH
열 3 CLERK
열 4 7902
열 5 17-12월-1980:00:00:00
열 6 800
열 7 
열 8 20
IMP-00019: ORACLE 1 오류로 인하여 행이 거부되었습니다
IMP-00003: ORACLE 오류 1이(가) 발생했습니다.
ORA-00001: 무결성 제약 조건(SCOTT.PK_EMP)에 위배됩니다
열 1 7499
열 2 ALLEN
열 3 SALESMAN
열 4 7698
열 5 20-2월 -1981:00:00:00
열 6 1600
열 7 300
열 8 30
IMP-00019: ORACLE 1 오류로 인하여 행이 거부되었습니다
IMP-00003: ORACLE 오류 1이(가) 발생했습니다.
ORA-00001: 무결성 제약 조건(SCOTT.PK_EMP)에 위배됩니다
열 1 7521
열 2 WARD
열 3 SALESMAN
열 4 7698
열 5 22-2월 -1981:00:00:00
열 6 1250
열 7 500
열 8 30
IMP-00019: ORACLE 1 오류로 인하여 행이 거부되었습니다
IMP-00003: ORACLE 오류 1이(가) 발생했습니다.
ORA-00001: 무결성 제약 조건(SCOTT.PK_EMP)에 위배됩니다
열 1 7566
열 2 JONES
열 3 MANAGER
열 4 7839
열 5 02-4월 -1981:00:00:00
열 6 2975
열 7 
열 8 20
IMP-00019: ORACLE 1 오류로 인하여 행이 거부되었습니다
IMP-00003: ORACLE 오류 1이(가) 발생했습니다.
ORA-00001: 무결성 제약 조건(SCOTT.PK_EMP)에 위배됩니다
열 1 7654
열 2 MARTIN
열 3 SALESMAN
열 4 7698
열 5 28-9월 -1981:00:00:00
열 6 1250
열 7 1400
열 8 30
IMP-00019: ORACLE 1 오류로 인하여 행이 거부되었습니다
IMP-00003: ORACLE 오류 1이(가) 발생했습니다.
ORA-00001: 무결성 제약 조건(SCOTT.PK_EMP)에 위배됩니다
열 1 7698
열 2 BLAKE
열 3 MANAGER
열 4 7839
열 5 01-5월 -1981:00:00:00
열 6 2850
열 7 
열 8 30
IMP-00019: ORACLE 1 오류로 인하여 행이 거부되었습니다
IMP-00003: ORACLE 오류 1이(가) 발생했습니다.
ORA-00001: 무결성 제약 조건(SCOTT.PK_EMP)에 위배됩니다
열 1 7782
열 2 CLARK
열 3 MANAGER
열 4 7839
열 5 09-6월 -1981:00:00:00
열 6 2450
열 7 
열 8 10
IMP-00019: ORACLE 1 오류로 인하여 행이 거부되었습니다
IMP-00003: ORACLE 오류 1이(가) 발생했습니다.
ORA-00001: 무결성 제약 조건(SCOTT.PK_EMP)에 위배됩니다
열 1 7788
열 2 SCOTT
열 3 ANALYST
열 4 7566
열 5 19-4월 -1987:00:00:00
열 6 3000
열 7 
열 8 20
IMP-00019: ORACLE 1 오류로 인하여 행이 거부되었습니다
IMP-00003: ORACLE 오류 1이(가) 발생했습니다.
ORA-00001: 무결성 제약 조건(SCOTT.PK_EMP)에 위배됩니다
열 1 7839
열 2 KING
열 3 PRESIDENT
열 4 
열 5 17-11월-1981:00:00:00
열 6 5000
열 7 
열 8 10
IMP-00019: ORACLE 1 오류로 인하여 행이 거부되었습니다
IMP-00003: ORACLE 오류 1이(가) 발생했습니다.
ORA-00001: 무결성 제약 조건(SCOTT.PK_EMP)에 위배됩니다
열 1 7844
열 2 TURNER
열 3 SALESMAN
열 4 7698
열 5 08-9월 -1981:00:00:00
열 6 1500
열 7 0
열 8 30
IMP-00019: ORACLE 1 오류로 인하여 행이 거부되었습니다
IMP-00003: ORACLE 오류 1이(가) 발생했습니다.
ORA-00001: 무결성 제약 조건(SCOTT.PK_EMP)에 위배됩니다
열 1 7876
열 2 ADAMS
열 3 CLERK
열 4 7788
열 5 23-5월 -1987:00:00:00
열 6 1100
열 7 
열 8 20
IMP-00019: ORACLE 1 오류로 인하여 행이 거부되었습니다
IMP-00003: ORACLE 오류 1이(가) 발생했습니다.
ORA-00001: 무결성 제약 조건(SCOTT.PK_EMP)에 위배됩니다
열 1 7900
열 2 JAMES
열 3 CLERK
열 4 7698
열 5 03-12월-1981:00:00:00
열 6 950
열 7 
열 8 30
IMP-00019: ORACLE 1 오류로 인하여 행이 거부되었습니다
IMP-00003: ORACLE 오류 1이(가) 발생했습니다.
ORA-00001: 무결성 제약 조건(SCOTT.PK_EMP)에 위배됩니다
열 1 7902
열 2 FORD
열 3 ANALYST
열 4 7566
열 5 03-12월-1981:00:00:00
열 6 3000
열 7 
열 8 20
IMP-00019: ORACLE 1 오류로 인하여 행이 거부되었습니다
IMP-00003: ORACLE 오류 1이(가) 발생했습니다.
ORA-00001: 무결성 제약 조건(SCOTT.PK_EMP)에 위배됩니다
열 1 7934
열 2 MILLER
열 3 CLERK
열 4 7782
열 5 23-1월 -1982:00:00:00
열 6 1300
열 7 
열 8 10
                                                            0 행이 임포트되었습니다
. . 테이블                    "EMP_LEVEL"(를)을 임포트 중
IMP-00019: ORACLE 1 오류로 인하여 행이 거부되었습니다
IMP-00003: ORACLE 오류 1이(가) 발생했습니다.
ORA-00001: 무결성 제약 조건(SCOTT.SYS_C009746)에 위배됩니다
열 1 사원
열 2 30000000
열 3 40000000
열 4 20
열 5 25
IMP-00019: ORACLE 1 오류로 인하여 행이 거부되었습니다
IMP-00003: ORACLE 오류 1이(가) 발생했습니다.
ORA-00001: 무결성 제약 조건(SCOTT.SYS_C009746)에 위배됩니다
열 1 대리
열 2 35000000
열 3 60000000
열 4 23
열 5 27
IMP-00019: ORACLE 1 오류로 인하여 행이 거부되었습니다
IMP-00003: ORACLE 오류 1이(가) 발생했습니다.
ORA-00001: 무결성 제약 조건(SCOTT.SYS_C009746)에 위배됩니다
열 1 과장
열 2 37000000
열 3 75000000
열 4 25
열 5 29
IMP-00019: ORACLE 1 오류로 인하여 행이 거부되었습니다
IMP-00003: ORACLE 오류 1이(가) 발생했습니다.
ORA-00001: 무결성 제약 조건(SCOTT.SYS_C009746)에 위배됩니다
열 1 차장
열 2 40000000
열 3 80000000
열 4 27
열 5 31
IMP-00019: ORACLE 1 오류로 인하여 행이 거부되었습니다
IMP-00003: ORACLE 오류 1이(가) 발생했습니다.
ORA-00001: 무결성 제약 조건(SCOTT.SYS_C009746)에 위배됩니다
열 1 부장
열 2 60000000
열 3 100000000
열 4 29
열 5 32
                                                            0 행이 임포트되었습니다
. . 테이블                      "LECTURE"(를)을 임포트 중
                                                            5 행이 임포트되었습니다
. . 테이블                       "MEMBER"(를)을 임포트 중
IMP-00019: ORACLE 1 오류로 인하여 행이 거부되었습니다
IMP-00003: ORACLE 오류 1이(가) 발생했습니다.
ORA-00001: 무결성 제약 조건(SCOTT.MEMBER_NO_PK)에 위배됩니다
열 1 1
열 2 apple
열 3 123
열 4 애플
IMP-00019: ORACLE 1 오류로 인하여 행이 거부되었습니다
IMP-00003: ORACLE 오류 1이(가) 발생했습니다.
ORA-00001: 무결성 제약 조건(SCOTT.MEMBER_NO_PK)에 위배됩니다
열 1 2
열 2 tomato
열 3 123
열 4 토마토
IMP-00019: ORACLE 1 오류로 인하여 행이 거부되었습니다
IMP-00003: ORACLE 오류 1이(가) 발생했습니다.
ORA-00001: 무결성 제약 조건(SCOTT.MEMBER_NO_PK)에 위배됩니다
열 1 3
열 2 banana
열 3 123
열 4 바나나
IMP-00019: ORACLE 1 오류로 인하여 행이 거부되었습니다
IMP-00003: ORACLE 오류 1이(가) 발생했습니다.
ORA-00001: 무결성 제약 조건(SCOTT.MEMBER_NO_PK)에 위배됩니다
열 1 4
열 2 nice
열 3 123
열 4 안녕해
IMP-00019: ORACLE 1 오류로 인하여 행이 거부되었습니다
IMP-00003: ORACLE 오류 1이(가) 발생했습니다.
ORA-00001: 무결성 제약 조건(SCOTT.MEMBER_NO_PK)에 위배됩니다
열 1 5
열 2 yes
열 3 123
열 4 이성욱
IMP-00019: ORACLE 1 오류로 인하여 행이 거부되었습니다
IMP-00003: ORACLE 오류 1이(가) 발생했습니다.
ORA-00001: 무결성 제약 조건(SCOTT.MEMBER_NO_PK)에 위배됩니다
열 1 6
열 2 ohho
열 3 123
열 4 무결성씨
                                                            0 행이 임포트되었습니다
. . 테이블                     "SALGRADE"(를)을 임포트 중
                                                            5 행이 임포트되었습니다
. . 테이블                    "T_GIFTMEM"(를)을 임포트 중
                                                            5 행이 임포트되었습니다
. . 테이블                  "T_GIFTPOINT"(를)을 임포트 중
                                                            6 행이 임포트되었습니다
. . 테이블                    "T_GREPORT"(를)을 임포트 중
                                                           75 행이 임포트되었습니다
. . 테이블                    "T_LETITBE"(를)을 임포트 중
                                                           34 행이 임포트되었습니다
. . 테이블                "T_ORDERBASKET"(를)을 임포트 중
                                                           54 행이 임포트되었습니다
. . 테이블                   "T_WORKTIME"(를)을 임포트 중
                                                           15 행이 임포트되었습니다
. . 테이블                         "TCOM"(를)을 임포트 중
IMP-00019: ORACLE 1 오류로 인하여 행이 거부되었습니다
IMP-00003: ORACLE 오류 1이(가) 발생했습니다.
ORA-00001: 무결성 제약 조건(SCOTT.COM_PK)에 위배됩니다
열 1 2001
열 2 19930402
열 3 1
열 4 640000
IMP-00019: ORACLE 1 오류로 인하여 행이 거부되었습니다
IMP-00003: ORACLE 오류 1이(가) 발생했습니다.
ORA-00001: 무결성 제약 조건(SCOTT.COM_PK)에 위배됩니다
열 1 2001
열 2 19960303
열 3 1
열 4 350000
IMP-00019: ORACLE 1 오류로 인하여 행이 거부되었습니다
IMP-00003: ORACLE 오류 1이(가) 발생했습니다.
ORA-00001: 무결성 제약 조건(SCOTT.COM_PK)에 위배됩니다
열 1 2001
열 2 19970112
열 3 1
열 4 450000
IMP-00019: ORACLE 1 오류로 인하여 행이 거부되었습니다
IMP-00003: ORACLE 오류 1이(가) 발생했습니다.
ORA-00001: 무결성 제약 조건(SCOTT.COM_PK)에 위배됩니다
열 1 2001
열 2 19960212
열 3 1
열 4 390000
                                                            0 행이 임포트되었습니다
. . 테이블                        "TDEPT"(를)을 임포트 중
IMP-00019: ORACLE 1 오류로 인하여 행이 거부되었습니다
IMP-00003: ORACLE 오류 1이(가) 발생했습니다.
ORA-00001: 무결성 제약 조건(SCOTT.SYS_C009768)에 위배됩니다
열 1 AA0001
열 2 경영지원
열 3 AA0001
열 4 Y
열 5 서울
열 6 19940101
IMP-00019: ORACLE 1 오류로 인하여 행이 거부되었습니다
IMP-00003: ORACLE 오류 1이(가) 발생했습니다.
ORA-00001: 무결성 제약 조건(SCOTT.SYS_C009768)에 위배됩니다
열 1 AB0001
열 2 재무
열 3 AA0001
열 4 Y
열 5 서울
열 6 19960101
IMP-00019: ORACLE 1 오류로 인하여 행이 거부되었습니다
IMP-00003: ORACLE 오류 1이(가) 발생했습니다.
ORA-00001: 무결성 제약 조건(SCOTT.SYS_C009768)에 위배됩니다
열 1 AC0001
열 2 총무
열 3 AA0001
열 4 Y
열 5 서울
열 6 19970201
IMP-00019: ORACLE 1 오류로 인하여 행이 거부되었습니다
IMP-00003: ORACLE 오류 1이(가) 발생했습니다.
ORA-00001: 무결성 제약 조건(SCOTT.SYS_C009768)에 위배됩니다
열 1 BA0001
열 2 기술지원
열 3 BA0001
열 4 Y
열 5 인천
열 6 19930301
IMP-00019: ORACLE 1 오류로 인하여 행이 거부되었습니다
IMP-00003: ORACLE 오류 1이(가) 발생했습니다.
ORA-00001: 무결성 제약 조건(SCOTT.SYS_C009768)에 위배됩니다
열 1 BB0001
열 2 H/W지원
열 3 BA0001
열 4 Y
열 5 인천
열 6 19950303
IMP-00019: ORACLE 1 오류로 인하여 행이 거부되었습니다
IMP-00003: ORACLE 오류 1이(가) 발생했습니다.
ORA-00001: 무결성 제약 조건(SCOTT.SYS_C009768)에 위배됩니다
열 1 BC0001
열 2 S/W지원
열 3 BA0001
열 4 Y
열 5 인천
열 6 19966102
IMP-00019: ORACLE 1 오류로 인하여 행이 거부되었습니다
IMP-00003: ORACLE 오류 1이(가) 발생했습니다.
ORA-00001: 무결성 제약 조건(SCOTT.SYS_C009768)에 위배됩니다
열 1 CA0001
열 2 영업
열 3 CA0001
열 4 Y
열 5 본사
열 6 19930402
IMP-00019: ORACLE 1 오류로 인하여 행이 거부되었습니다
IMP-00003: ORACLE 오류 1이(가) 발생했습니다.
ORA-00001: 무결성 제약 조건(SCOTT.SYS_C009768)에 위배됩니다
열 1 CB0001
열 2 영업기획
열 3 CA0001
열 4 Y
열 5 본사
열 6 19950103
IMP-00019: ORACLE 1 오류로 인하여 행이 거부되었습니다
IMP-00003: ORACLE 오류 1이(가) 발생했습니다.
ORA-00001: 무결성 제약 조건(SCOTT.SYS_C009768)에 위배됩니다
열 1 CC0001
열 2 영업1
열 3 CA0001
열 4 Y
열 5 본사
열 6 19970112
IMP-00019: ORACLE 1 오류로 인하여 행이 거부되었습니다
IMP-00003: ORACLE 오류 1이(가) 발생했습니다.
ORA-00001: 무결성 제약 조건(SCOTT.SYS_C009768)에 위배됩니다
열 1 CD0001
열 2 영업2
열 3 CA0001
열 4 Y
열 5 본사
열 6 19960212
                                                            0 행이 임포트되었습니다
. . 테이블                         "TEMP"(를)을 임포트 중
IMP-00019: ORACLE 1 오류로 인하여 행이 거부되었습니다
IMP-00003: ORACLE 오류 1이(가) 발생했습니다.
ORA-00001: 무결성 제약 조건(SCOTT.SYS_C009773)에 위배됩니다
열 1 19970101
열 2 김길동
열 3 25-1월 -1974:00:00:00
열 4 AA0001
열 5 정규
열 6 Y
열 7 
열 8 등산
열 9 100000000
열 10 부장
IMP-00019: ORACLE 1 오류로 인하여 행이 거부되었습니다
IMP-00003: ORACLE 오류 1이(가) 발생했습니다.
ORA-00001: 무결성 제약 조건(SCOTT.SYS_C009773)에 위배됩니다
열 1 19960101
열 2 홍길동
열 3 22-3월 -1973:00:00:00
열 4 AB0001
열 5 정규
열 6 Y
열 7 
열 8 낚시
열 9 72000000
열 10 과장
IMP-00019: ORACLE 1 오류로 인하여 행이 거부되었습니다
IMP-00003: ORACLE 오류 1이(가) 발생했습니다.
ORA-00001: 무결성 제약 조건(SCOTT.SYS_C009773)에 위배됩니다
열 1 19970201
열 2 박문수
열 3 15-4월 -1975:00:00:00
열 4 AC0001
열 5 정규
열 6 Y
열 7 
열 8 바둑
열 9 50000000
열 10 과장
IMP-00019: ORACLE 1 오류로 인하여 행이 거부되었습니다
IMP-00003: ORACLE 오류 1이(가) 발생했습니다.
ORA-00001: 무결성 제약 조건(SCOTT.SYS_C009773)에 위배됩니다
열 1 19930331
열 2 정도령
열 3 25-5월 -1976:00:00:00
열 4 BA0001
열 5 정규
열 6 Y
열 7 
열 8 노래
열 9 70000000
열 10 차장
IMP-00019: ORACLE 1 오류로 인하여 행이 거부되었습니다
IMP-00003: ORACLE 오류 1이(가) 발생했습니다.
ORA-00001: 무결성 제약 조건(SCOTT.SYS_C009773)에 위배됩니다
열 1 19950303
열 2 이순신
열 3 15-6월 -1973:00:00:00
열 4 BB0001
열 5 정규
열 6 Y
열 7 
열 8 
열 9 56000000
열 10 대리
IMP-00019: ORACLE 1 오류로 인하여 행이 거부되었습니다
IMP-00003: ORACLE 오류 1이(가) 발생했습니다.
ORA-00001: 무결성 제약 조건(SCOTT.SYS_C009773)에 위배됩니다
열 1 19966102
열 2 지문덕
열 3 05-7월 -1972:00:00:00
열 4 BC0001
열 5 정규
열 6 Y
열 7 
열 8 
열 9 45000000
열 10 과장
IMP-00019: ORACLE 1 오류로 인하여 행이 거부되었습니다
IMP-00003: ORACLE 오류 1이(가) 발생했습니다.
ORA-00001: 무결성 제약 조건(SCOTT.SYS_C009773)에 위배됩니다
열 1 19930402
열 2 강감찬
열 3 15-8월 -1972:00:00:00
열 4 CA0001
열 5 정규
열 6 Y
열 7 
열 8 
열 9 64000000
열 10 차장
IMP-00019: ORACLE 1 오류로 인하여 행이 거부되었습니다
IMP-00003: ORACLE 오류 1이(가) 발생했습니다.
ORA-00001: 무결성 제약 조건(SCOTT.SYS_C009773)에 위배됩니다
열 1 19960303
열 2 설까치
열 3 25-9월 -1971:00:00:00
열 4 CB0001
열 5 정규
열 6 Y
열 7 
열 8 
열 9 35000000
열 10 사원
IMP-00019: ORACLE 1 오류로 인하여 행이 거부되었습니다
IMP-00003: ORACLE 오류 1이(가) 발생했습니다.
ORA-00001: 무결성 제약 조건(SCOTT.SYS_C009773)에 위배됩니다
열 1 19970112
열 2 연흥부
열 3 05-11월-1976:00:00:00
열 4 CC0001
열 5 정규
열 6 Y
열 7 
열 8 
열 9 45000000
열 10 대리
IMP-00019: ORACLE 1 오류로 인하여 행이 거부되었습니다
IMP-00003: ORACLE 오류 1이(가) 발생했습니다.
ORA-00001: 무결성 제약 조건(SCOTT.SYS_C009773)에 위배됩니다
열 1 19960212
열 2 배뱅이
열 3 15-12월-1972:00:00:00
열 4 CD0001
열 5 정규
열 6 Y
열 7 
열 8 
열 9 39000000
열 10 과장
IMP-00019: ORACLE 1 오류로 인하여 행이 거부되었습니다
IMP-00003: ORACLE 오류 1이(가) 발생했습니다.
ORA-00001: 무결성 제약 조건(SCOTT.SYS_C009773)에 위배됩니다
열 1 20000101
열 2 이태백
열 3 25-1월 -1980:00:00:00
열 4 AA0001
열 5 인턴
열 6 Y
열 7 123-4567
열 8 등산
열 9 30000000
열 10 수습
IMP-00019: ORACLE 1 오류로 인하여 행이 거부되었습니다
IMP-00003: ORACLE 오류 1이(가) 발생했습니다.
ORA-00001: 무결성 제약 조건(SCOTT.SYS_C009773)에 위배됩니다
열 1 20000102
열 2 김설악
열 3 22-3월 -1980:00:00:00
열 4 AB0001
열 5 인턴
열 6 Y
열 7 234-5678
열 8 낚시
열 9 30000000
열 10 수습
IMP-00019: ORACLE 1 오류로 인하여 행이 거부되었습니다
IMP-00003: ORACLE 오류 1이(가) 발생했습니다.
ORA-00001: 무결성 제약 조건(SCOTT.SYS_C009773)에 위배됩니다
열 1 20000203
열 2 최오대
열 3 15-4월 -1980:00:00:00
열 4 AC0001
열 5 인턴
열 6 Y
열 7 345-6789
열 8 바둑
열 9 30000000
열 10 수습
IMP-00019: ORACLE 1 오류로 인하여 행이 거부되었습니다
IMP-00003: ORACLE 오류 1이(가) 발생했습니다.
ORA-00001: 무결성 제약 조건(SCOTT.SYS_C009773)에 위배됩니다
열 1 20000334
열 2 박지리
열 3 25-5월 -1980:00:00:00
열 4 BA0001
열 5 인턴
열 6 Y
열 7 456-7890
열 8 노래
열 9 30000000
열 10 수습
IMP-00019: ORACLE 1 오류로 인하여 행이 거부되었습니다
IMP-00003: ORACLE 오류 1이(가) 발생했습니다.
ORA-00001: 무결성 제약 조건(SCOTT.SYS_C009773)에 위배됩니다
열 1 20000305
열 2 정북악
열 3 15-6월 -1980:00:00:00
열 4 BB0001
열 5 인턴
열 6 Y
열 7 567-8901
열 8 독서
열 9 30000000
열 10 수습
IMP-00019: ORACLE 1 오류로 인하여 행이 거부되었습니다
IMP-00003: ORACLE 오류 1이(가) 발생했습니다.
ORA-00001: 무결성 제약 조건(SCOTT.SYS_C009773)에 위배됩니다
열 1 20006106
열 2 유도봉
열 3 05-7월 -1980:00:00:00
열 4 BC0001
열 5 인턴
열 6 Y
열 7 678-9012
열 8 술
열 9 30000000
열 10 수습
IMP-00019: ORACLE 1 오류로 인하여 행이 거부되었습니다
IMP-00003: ORACLE 오류 1이(가) 발생했습니다.
ORA-00001: 무결성 제약 조건(SCOTT.SYS_C009773)에 위배됩니다
열 1 20000407
열 2 윤주왕
열 3 15-8월 -1980:00:00:00
열 4 CA0001
열 5 인턴
열 6 Y
열 7 789-0123
열 8 오락
열 9 30000000
열 10 수습
IMP-00019: ORACLE 1 오류로 인하여 행이 거부되었습니다
IMP-00003: ORACLE 오류 1이(가) 발생했습니다.
ORA-00001: 무결성 제약 조건(SCOTT.SYS_C009773)에 위배됩니다
열 1 20000308
열 2 강월악
열 3 25-9월 -1980:00:00:00
열 4 CB0001
열 5 인턴
열 6 Y
열 7 890-1234
열 8 골프
열 9 30000000
열 10 수습
IMP-00019: ORACLE 1 오류로 인하여 행이 거부되었습니다
IMP-00003: ORACLE 오류 1이(가) 발생했습니다.
ORA-00001: 무결성 제약 조건(SCOTT.SYS_C009773)에 위배됩니다
열 1 20000119
열 2 장금강
열 3 05-11월-1980:00:00:00
열 4 CC0001
열 5 인턴
열 6 Y
열 7 901-2345
열 8 술
열 9 30000000
열 10 수습
IMP-00019: ORACLE 1 오류로 인하여 행이 거부되었습니다
IMP-00003: ORACLE 오류 1이(가) 발생했습니다.
ORA-00001: 무결성 제약 조건(SCOTT.SYS_C009773)에 위배됩니다
열 1 20000210
열 2 나한라
열 3 15-12월-1980:00:00:00
열 4 CD0001
열 5 인턴
열 6 Y
열 7 012-3456
열 8 독서
열 9 30000000
열 10 수습
                                                            0 행이 임포트되었습니다
. . 테이블                        "TEST1"(를)을 임포트 중
                                                            0 행이 임포트되었습니다
. . 테이블                        "TEST2"(를)을 임포트 중
                                                            0 행이 임포트되었습니다
. . 테이블              "TOAD_PLAN_TABLE"(를)을 임포트 중
                                                           20 행이 임포트되었습니다
제약 조건을 사용으로 설정에 대한 정보...
경고와 함께 임포트가 정상 종료되었습니다.
