
다음에 접속됨: Oracle Database 11g Enterprise Edition Release 11.1.0.7.0 - Production
With the Partitioning, OLAP, Data Mining and Real Application Testing options

익스포트 파일은 규정 경로를 거쳐 EXPORT:V11.01.00 에 의해 생성되었습니다
KO16MSWIN949 문자집합과 AL16UTF16 NCHAR 문자 집합에 임포트가 완성되었습니다
. VIDEO2022 객체를 VIDEO2022(으)로 임포트하는 중입니다
. . 테이블                   "HD_GENRE_T"(를)을 임포트 중
IMP-00019: ORACLE 1 오류로 인하여 행이 거부되었습니다
IMP-00003: ORACLE 오류 1이(가) 발생했습니다.
ORA-00001: 무결성 제약 조건(VIDEO2022.GENRE_T_PK)에 위배됩니다
열 1 gc0001
열 2 액션
IMP-00019: ORACLE 1 오류로 인하여 행이 거부되었습니다
IMP-00003: ORACLE 오류 1이(가) 발생했습니다.
ORA-00001: 무결성 제약 조건(VIDEO2022.GENRE_T_PK)에 위배됩니다
열 1 gc0002
열 2 멜로
IMP-00019: ORACLE 1 오류로 인하여 행이 거부되었습니다
IMP-00003: ORACLE 오류 1이(가) 발생했습니다.
ORA-00001: 무결성 제약 조건(VIDEO2022.GENRE_T_PK)에 위배됩니다
열 1 gc0003
열 2 코믹
IMP-00019: ORACLE 1 오류로 인하여 행이 거부되었습니다
IMP-00003: ORACLE 오류 1이(가) 발생했습니다.
ORA-00001: 무결성 제약 조건(VIDEO2022.GENRE_T_PK)에 위배됩니다
열 1 gc0004
열 2 공포
IMP-00019: ORACLE 1 오류로 인하여 행이 거부되었습니다
IMP-00003: ORACLE 오류 1이(가) 발생했습니다.
ORA-00001: 무결성 제약 조건(VIDEO2022.GENRE_T_PK)에 위배됩니다
열 1 gc0005
열 2 드라마
IMP-00019: ORACLE 1 오류로 인하여 행이 거부되었습니다
IMP-00003: ORACLE 오류 1이(가) 발생했습니다.
ORA-00001: 무결성 제약 조건(VIDEO2022.GENRE_T_PK)에 위배됩니다
열 1 gc0006
열 2 뮤지컬
                                                            0 행이 임포트되었습니다
. . 테이블                   "HD_GRADE_T"(를)을 임포트 중
IMP-00019: ORACLE 1 오류로 인하여 행이 거부되었습니다
IMP-00003: ORACLE 오류 1이(가) 발생했습니다.
ORA-00001: 무결성 제약 조건(VIDEO2022.GRADE_T_PK)에 위배됩니다
열 1 lev001
열 2 12세이용가        
IMP-00019: ORACLE 1 오류로 인하여 행이 거부되었습니다
IMP-00003: ORACLE 오류 1이(가) 발생했습니다.
ORA-00001: 무결성 제약 조건(VIDEO2022.GRADE_T_PK)에 위배됩니다
열 1 lev002
열 2 15세이용가        
IMP-00019: ORACLE 1 오류로 인하여 행이 거부되었습니다
IMP-00003: ORACLE 오류 1이(가) 발생했습니다.
ORA-00001: 무결성 제약 조건(VIDEO2022.GRADE_T_PK)에 위배됩니다
열 1 lev003
열 2 18세이용가        
                                                            0 행이 임포트되었습니다
. . 테이블                   "HD_MOVIE_T"(를)을 임포트 중
IMP-00019: ORACLE 1 오류로 인하여 행이 거부되었습니다
IMP-00003: ORACLE 오류 1이(가) 발생했습니다.
ORA-00001: 무결성 제약 조건(VIDEO2022.MOVIE_PK)에 위배됩니다
열 1 2008120101
열 2 과속스캔들        
열 3 현대
열 4 대한민국
열 5 강형철
열 6 차태현
열 7 20081210
열 8 20081212
열 9 gc0003
열 10 lev003
IMP-00019: ORACLE 1 오류로 인하여 행이 거부되었습니다
IMP-00003: ORACLE 오류 1이(가) 발생했습니다.
ORA-00001: 무결성 제약 조건(VIDEO2022.MOVIE_PK)에 위배됩니다
열 1 2008120201
열 2 1724기방난동사건  
열 3 삼성
열 4 대한민국
열 5 여균동
열 6 이정재
열 7 20081120
열 8 20081130
열 9 gc0003
열 10 lev002
IMP-00019: ORACLE 1 오류로 인하여 행이 거부되었습니다
IMP-00003: ORACLE 오류 1이(가) 발생했습니다.
ORA-00001: 무결성 제약 조건(VIDEO2022.MOVIE_PK)에 위배됩니다
열 1 2008120301
열 2 순정만화          
열 3 삼성
열 4 대한민국
열 5 류장하
열 6 유지태
열 7 20081125
열 8 20081128
열 9 gc0005
열 10 lev002
IMP-00019: ORACLE 1 오류로 인하여 행이 거부되었습니다
IMP-00003: ORACLE 오류 1이(가) 발생했습니다.
ORA-00001: 무결성 제약 조건(VIDEO2022.MOVIE_PK)에 위배됩니다
열 1 2008120401
열 2 쏘우              
열 3 소니
열 4 미국
열 5 데이빗해클
열 6 토빈벨
열 7 20081110
열 8 20081120
열 9 gc0004
열 10 lev003
                                                            0 행이 임포트되었습니다
. . 테이블       "HD_VIDEO_LOAN_DETAIL_T"(를)을 임포트 중
IMP-00019: ORACLE 1 오류로 인하여 행이 거부되었습니다
IMP-00003: ORACLE 오류 1이(가) 발생했습니다.
ORA-00001: 무결성 제약 조건(VIDEO2022.LOAN_DETAIL_T_PK)에 위배됩니다
열 1 2
열 2 20081130
열 3 0811010001
열 4 2500
열 5 vd0016
IMP-00019: ORACLE 1 오류로 인하여 행이 거부되었습니다
IMP-00003: ORACLE 오류 1이(가) 발생했습니다.
ORA-00001: 무결성 제약 조건(VIDEO2022.LOAN_DETAIL_T_PK)에 위배됩니다
열 1 3
열 2 20081130
열 3 0811010001
열 4 2500
열 5 vd0004
IMP-00019: ORACLE 1 오류로 인하여 행이 거부되었습니다
IMP-00003: ORACLE 오류 1이(가) 발생했습니다.
ORA-00001: 무결성 제약 조건(VIDEO2022.LOAN_DETAIL_T_PK)에 위배됩니다
열 1 1
열 2 20081130
열 3 0811010002
열 4 2500
열 5 vd0003
IMP-00019: ORACLE 1 오류로 인하여 행이 거부되었습니다
IMP-00003: ORACLE 오류 1이(가) 발생했습니다.
ORA-00001: 무결성 제약 조건(VIDEO2022.LOAN_DETAIL_T_PK)에 위배됩니다
열 1 2
열 2 20081130
열 3 0811010002
열 4 2500
열 5 vd0006
IMP-00019: ORACLE 1 오류로 인하여 행이 거부되었습니다
IMP-00003: ORACLE 오류 1이(가) 발생했습니다.
ORA-00001: 무결성 제약 조건(VIDEO2022.LOAN_DETAIL_T_PK)에 위배됩니다
열 1 1
열 2 20081130
열 3 0811010003
열 4 2500
열 5 vd0007
IMP-00019: ORACLE 1 오류로 인하여 행이 거부되었습니다
IMP-00003: ORACLE 오류 1이(가) 발생했습니다.
ORA-00001: 무결성 제약 조건(VIDEO2022.LOAN_DETAIL_T_PK)에 위배됩니다
열 1 1
열 2 20081130
열 3 0811010004
열 4 2500
열 5 vd0015
IMP-00019: ORACLE 1 오류로 인하여 행이 거부되었습니다
IMP-00003: ORACLE 오류 1이(가) 발생했습니다.
ORA-00001: 무결성 제약 조건(VIDEO2022.LOAN_DETAIL_T_PK)에 위배됩니다
열 1 1
열 2 20081201
열 3 0811010005
열 4 2500
열 5 vd0013
IMP-00019: ORACLE 1 오류로 인하여 행이 거부되었습니다
IMP-00003: ORACLE 오류 1이(가) 발생했습니다.
ORA-00001: 무결성 제약 조건(VIDEO2022.LOAN_DETAIL_T_PK)에 위배됩니다
열 1 1
열 2 20081201
열 3 0811010006
열 4 2500
열 5 vd0012
IMP-00019: ORACLE 1 오류로 인하여 행이 거부되었습니다
IMP-00003: ORACLE 오류 1이(가) 발생했습니다.
ORA-00001: 무결성 제약 조건(VIDEO2022.LOAN_DETAIL_T_PK)에 위배됩니다
열 1 1
열 2 20081201
열 3 0811010007
열 4 2500
열 5 vd0010
IMP-00019: ORACLE 1 오류로 인하여 행이 거부되었습니다
IMP-00003: ORACLE 오류 1이(가) 발생했습니다.
ORA-00001: 무결성 제약 조건(VIDEO2022.LOAN_DETAIL_T_PK)에 위배됩니다
열 1 1
열 2 20081202
열 3 0811010008
열 4 2500
열 5 vd0011
IMP-00019: ORACLE 1 오류로 인하여 행이 거부되었습니다
IMP-00003: ORACLE 오류 1이(가) 발생했습니다.
ORA-00001: 무결성 제약 조건(VIDEO2022.LOAN_DETAIL_T_PK)에 위배됩니다
열 1 1
열 2 20081202
열 3 0811010009
열 4 2500
열 5 vd0002
IMP-00019: ORACLE 1 오류로 인하여 행이 거부되었습니다
IMP-00003: ORACLE 오류 1이(가) 발생했습니다.
ORA-00001: 무결성 제약 조건(VIDEO2022.LOAN_DETAIL_T_PK)에 위배됩니다
열 1 1
열 2 20081130
열 3 0811010001
열 4 2500
열 5 vd0002
                                                            0 행이 임포트되었습니다
. . 테이블         "HD_VIDEO_LOAN_MAST_T"(를)을 임포트 중
IMP-00019: ORACLE 1 오류로 인하여 행이 거부되었습니다
IMP-00003: ORACLE 오류 1이(가) 발생했습니다.
ORA-00001: 무결성 제약 조건(VIDEO2022.LOAN_MAST_T_PK)에 위배됩니다
열 1 0811010001
열 2 20081129
열 3 hd00001
IMP-00019: ORACLE 1 오류로 인하여 행이 거부되었습니다
IMP-00003: ORACLE 오류 1이(가) 발생했습니다.
ORA-00001: 무결성 제약 조건(VIDEO2022.LOAN_MAST_T_PK)에 위배됩니다
열 1 0811010002
열 2 20081129
열 3 hd00002
IMP-00019: ORACLE 1 오류로 인하여 행이 거부되었습니다
IMP-00003: ORACLE 오류 1이(가) 발생했습니다.
ORA-00001: 무결성 제약 조건(VIDEO2022.LOAN_MAST_T_PK)에 위배됩니다
열 1 0811010003
열 2 20081129
열 3 hd00005
IMP-00019: ORACLE 1 오류로 인하여 행이 거부되었습니다
IMP-00003: ORACLE 오류 1이(가) 발생했습니다.
ORA-00001: 무결성 제약 조건(VIDEO2022.LOAN_MAST_T_PK)에 위배됩니다
열 1 0811010004
열 2 20081129
열 3 hd00004
IMP-00019: ORACLE 1 오류로 인하여 행이 거부되었습니다
IMP-00003: ORACLE 오류 1이(가) 발생했습니다.
ORA-00001: 무결성 제약 조건(VIDEO2022.LOAN_MAST_T_PK)에 위배됩니다
열 1 0811010005
열 2 20081201
열 3 hd00001
IMP-00019: ORACLE 1 오류로 인하여 행이 거부되었습니다
IMP-00003: ORACLE 오류 1이(가) 발생했습니다.
ORA-00001: 무결성 제약 조건(VIDEO2022.LOAN_MAST_T_PK)에 위배됩니다
열 1 0811010006
열 2 20081201
열 3 hd00003
IMP-00019: ORACLE 1 오류로 인하여 행이 거부되었습니다
IMP-00003: ORACLE 오류 1이(가) 발생했습니다.
ORA-00001: 무결성 제약 조건(VIDEO2022.LOAN_MAST_T_PK)에 위배됩니다
열 1 0811010007
열 2 20081201
열 3 hd00003
IMP-00019: ORACLE 1 오류로 인하여 행이 거부되었습니다
IMP-00003: ORACLE 오류 1이(가) 발생했습니다.
ORA-00001: 무결성 제약 조건(VIDEO2022.LOAN_MAST_T_PK)에 위배됩니다
열 1 0811010008
열 2 20081202
열 3 hd00005
IMP-00019: ORACLE 1 오류로 인하여 행이 거부되었습니다
IMP-00003: ORACLE 오류 1이(가) 발생했습니다.
ORA-00001: 무결성 제약 조건(VIDEO2022.LOAN_MAST_T_PK)에 위배됩니다
열 1 0811010009
열 2 20081202
열 3 hd00002
                                                            0 행이 임포트되었습니다
. . 테이블            "HD_VIDEO_MEMBER_T"(를)을 임포트 중
IMP-00019: ORACLE 1 오류로 인하여 행이 거부되었습니다
IMP-00003: ORACLE 오류 1이(가) 발생했습니다.
ORA-00001: 무결성 제약 조건(VIDEO2022.MEMBER_PK)에 위배됩니다
열 1 hd00001
열 2 홍길동
열 3 023334545
열 4 서울시영등포구당산동
열 5 121344
열 6 111111
열 7 2222222
열 8 20081010
IMP-00019: ORACLE 1 오류로 인하여 행이 거부되었습니다
IMP-00003: ORACLE 오류 1이(가) 발생했습니다.
ORA-00001: 무결성 제약 조건(VIDEO2022.MEMBER_PK)에 위배됩니다
열 1 hd00002
열 2 정동길
열 3 0224545678
열 4 서울시서초구양재동
열 5 122566
열 6 111112
열 7 2222223
열 8 20081015
IMP-00019: ORACLE 1 오류로 인하여 행이 거부되었습니다
IMP-00003: ORACLE 오류 1이(가) 발생했습니다.
ORA-00001: 무결성 제약 조건(VIDEO2022.MEMBER_PK)에 위배됩니다
열 1 hd00003
열 2 이순신
열 3 026557678
열 4 서울시마포구공덕동
열 5 124323
열 6 111113
열 7 2222224
열 8 20081016
IMP-00019: ORACLE 1 오류로 인하여 행이 거부되었습니다
IMP-00003: ORACLE 오류 1이(가) 발생했습니다.
ORA-00001: 무결성 제약 조건(VIDEO2022.MEMBER_PK)에 위배됩니다
열 1 hd00004
열 2 임오균
열 3 0223335612
열 4 인천시부평구부개동
열 5 412345
열 6 111114
열 7 2222225
열 8 20081030
IMP-00019: ORACLE 1 오류로 인하여 행이 거부되었습니다
IMP-00003: ORACLE 오류 1이(가) 발생했습니다.
ORA-00001: 무결성 제약 조건(VIDEO2022.MEMBER_PK)에 위배됩니다
열 1 hd00005
열 2 황규순
열 3 0212214523
열 4 서울시영등포구영등포동
열 5 121345
열 6 111115
열 7 2222226
열 8 20081110
                                                            0 행이 임포트되었습니다
. . 테이블                   "HD_VIDEO_T"(를)을 임포트 중
IMP-00019: ORACLE 1 오류로 인하여 행이 거부되었습니다
IMP-00003: ORACLE 오류 1이(가) 발생했습니다.
ORA-00001: 무결성 제약 조건(VIDEO2022.VIDEO_T_PK)에 위배됩니다
열 1 vd0002
열 2 20081212
열 3 2000
열 4 ss1010
열 5 2008120101
IMP-00019: ORACLE 1 오류로 인하여 행이 거부되었습니다
IMP-00003: ORACLE 오류 1이(가) 발생했습니다.
ORA-00001: 무결성 제약 조건(VIDEO2022.VIDEO_T_PK)에 위배됩니다
열 1 vd0001
열 2 20081212
열 3 2000
열 4 ss1000
열 5 2008120101
IMP-00019: ORACLE 1 오류로 인하여 행이 거부되었습니다
IMP-00003: ORACLE 오류 1이(가) 발생했습니다.
ORA-00001: 무결성 제약 조건(VIDEO2022.VIDEO_T_PK)에 위배됩니다
열 1 vd0003
열 2 20081212
열 3 2000
열 4 ss1010
열 5 2008120101
IMP-00019: ORACLE 1 오류로 인하여 행이 거부되었습니다
IMP-00003: ORACLE 오류 1이(가) 발생했습니다.
ORA-00001: 무결성 제약 조건(VIDEO2022.VIDEO_T_PK)에 위배됩니다
열 1 vd0004
열 2 20081212
열 3 2000
열 4 ss1010
열 5 2008120101
IMP-00019: ORACLE 1 오류로 인하여 행이 거부되었습니다
IMP-00003: ORACLE 오류 1이(가) 발생했습니다.
ORA-00001: 무결성 제약 조건(VIDEO2022.VIDEO_T_PK)에 위배됩니다
열 1 vd0005
열 2 20081212
열 3 2000
열 4 ss1000
열 5 2008120101
IMP-00019: ORACLE 1 오류로 인하여 행이 거부되었습니다
IMP-00003: ORACLE 오류 1이(가) 발생했습니다.
ORA-00001: 무결성 제약 조건(VIDEO2022.VIDEO_T_PK)에 위배됩니다
열 1 vd0006
열 2 20081201
열 3 2000
열 4 ss1010
열 5 2008120201
IMP-00019: ORACLE 1 오류로 인하여 행이 거부되었습니다
IMP-00003: ORACLE 오류 1이(가) 발생했습니다.
ORA-00001: 무결성 제약 조건(VIDEO2022.VIDEO_T_PK)에 위배됩니다
열 1 vd0007
열 2 20081201
열 3 2000
열 4 ss1010
열 5 2008120201
IMP-00019: ORACLE 1 오류로 인하여 행이 거부되었습니다
IMP-00003: ORACLE 오류 1이(가) 발생했습니다.
ORA-00001: 무결성 제약 조건(VIDEO2022.VIDEO_T_PK)에 위배됩니다
열 1 vd0008
열 2 20081201
열 3 2000
열 4 ss1000
열 5 2008120201
IMP-00019: ORACLE 1 오류로 인하여 행이 거부되었습니다
IMP-00003: ORACLE 오류 1이(가) 발생했습니다.
ORA-00001: 무결성 제약 조건(VIDEO2022.VIDEO_T_PK)에 위배됩니다
열 1 vd0009
열 2 20081128
열 3 1500
열 4 ss1010
열 5 2008120301
IMP-00019: ORACLE 1 오류로 인하여 행이 거부되었습니다
IMP-00003: ORACLE 오류 1이(가) 발생했습니다.
ORA-00001: 무결성 제약 조건(VIDEO2022.VIDEO_T_PK)에 위배됩니다
열 1 vd0010
열 2 20081128
열 3 1500
열 4 ss1010
열 5 2008120301
IMP-00019: ORACLE 1 오류로 인하여 행이 거부되었습니다
IMP-00003: ORACLE 오류 1이(가) 발생했습니다.
ORA-00001: 무결성 제약 조건(VIDEO2022.VIDEO_T_PK)에 위배됩니다
열 1 vd0011
열 2 20081128
열 3 1500
열 4 ss1010
열 5 2008120301
IMP-00019: ORACLE 1 오류로 인하여 행이 거부되었습니다
IMP-00003: ORACLE 오류 1이(가) 발생했습니다.
ORA-00001: 무결성 제약 조건(VIDEO2022.VIDEO_T_PK)에 위배됩니다
열 1 vd0012
열 2 20081128
열 3 1500
열 4 ss1010
열 5 2008120301
IMP-00019: ORACLE 1 오류로 인하여 행이 거부되었습니다
IMP-00003: ORACLE 오류 1이(가) 발생했습니다.
ORA-00001: 무결성 제약 조건(VIDEO2022.VIDEO_T_PK)에 위배됩니다
열 1 vd0013
열 2 20081128
열 3 1500
열 4 ss1010
열 5 2008120301
IMP-00019: ORACLE 1 오류로 인하여 행이 거부되었습니다
IMP-00003: ORACLE 오류 1이(가) 발생했습니다.
ORA-00001: 무결성 제약 조건(VIDEO2022.VIDEO_T_PK)에 위배됩니다
열 1 vd0014
열 2 20081128
열 3 1500
열 4 ss1020
열 5 2008120301
IMP-00019: ORACLE 1 오류로 인하여 행이 거부되었습니다
IMP-00003: ORACLE 오류 1이(가) 발생했습니다.
ORA-00001: 무결성 제약 조건(VIDEO2022.VIDEO_T_PK)에 위배됩니다
열 1 vd0015
열 2 20081130
열 3 1800
열 4 ss1010
열 5 2008120401
IMP-00019: ORACLE 1 오류로 인하여 행이 거부되었습니다
IMP-00003: ORACLE 오류 1이(가) 발생했습니다.
ORA-00001: 무결성 제약 조건(VIDEO2022.VIDEO_T_PK)에 위배됩니다
열 1 vd0016
열 2 20081130
열 3 1800
열 4 ss1010
열 5 2008120401
                                                            0 행이 임포트되었습니다
제약 조건을 사용으로 설정에 대한 정보...
경고와 함께 임포트가 정상 종료되었습니다.
